<?xml version="1.0" encoding="UTF-8"?>
<!-- Generated by org.testng.reporters.JUnitReportReporter -->
<testsuite hostname="DESKTOP-PVI9R6Q" failures="0" tests="4" name="testLayer.Testclass" time="29.219" errors="0" timestamp="2023-09-17T16:07:33 GMT-04:00" skipped="0">
  <testcase classname="testLayer.Testclass" name="signin" time="9.828"/>
  <system-out/>
  <testcase classname="testLayer.Testclass" name="signin" time="9.408"/>
  <system-out/>
  <testcase classname="testLayer.Testclass" name="signin" time="7.985"/>
  <system-out/>
  <testcase classname="testLayer.Testclass" name="title" time="1.998"/>
  <system-out/>
</testsuite> <!-- testLayer.Testclass -->
